[debug] [2023-04-30T14:02:25.291Z] ----------------------------------------------------------------------
[debug] [2023-04-30T14:02:25.295Z] Command:       C:\Program Files\nodejs\node.exe C:\Users\pramo\AppData\Roaming\npm\node_modules\firebase-tools\lib\bin\firebase.js init hosting
[debug] [2023-04-30T14:02:25.296Z] CLI Version:   11.29.1
[debug] [2023-04-30T14:02:25.296Z] Platform:      win32
[debug] [2023-04-30T14:02:25.296Z] Node Version:  v16.13.1
[debug] [2023-04-30T14:02:25.298Z] Time:          Sun Apr 30 2023 19:32:25 GMT+0530 (India Standard Time)
[debug] [2023-04-30T14:02:25.298Z] ----------------------------------------------------------------------
[debug] 
[debug] [2023-04-30T14:02:25.394Z] > command requires scopes: ["email","openid","https://www.googleapis.com/auth/cloudplatformprojects.readonly","https://www.googleapis.com/auth/firebase","https://www.googleapis.com/auth/cloud-platform"]
[debug] [2023-04-30T14:02:25.394Z] > authorizing via signed-in user (pramodkesarkar2222@gmail.com)
[info] 
     ######## #### ########  ######## ########     ###     ######  ########
     ##        ##  ##     ## ##       ##     ##  ##   ##  ##       ##
     ######    ##  ########  ######   ########  #########  ######  ######
     ##        ##  ##    ##  ##       ##     ## ##     ##       ## ##
     ##       #### ##     ## ######## ########  ##     ##  ######  ########

You're about to initialize a Firebase project in this directory:

  E:\Mega Project\Website for project\buskaro

Before we get started, keep in mind:

  * You are initializing within an existing Firebase project directory

[info] 
=== Project Setup
[info] 
[info] First, let's associate this project directory with a Firebase project.
[info] You can create multiple project aliases by running firebase use --add, 
[info] but for now we'll just set up a default project.
[info] 
[debug] [2023-04-30T14:02:34.173Z] Using project from CLI flag: buskaro-8ef18
[debug] [2023-04-30T14:02:34.176Z] >>> [apiv2][query] GET https://firebase.googleapis.com/v1beta1/projects/buskaro-8ef18 [none]
[debug] [2023-04-30T14:02:35.303Z] <<< [apiv2][status] GET https://firebase.googleapis.com/v1beta1/projects/buskaro-8ef18 200
[debug] [2023-04-30T14:02:35.303Z] <<< [apiv2][body] GET https://firebase.googleapis.com/v1beta1/projects/buskaro-8ef18 {"projectId":"buskaro-8ef18","projectNumber":"478314646703","displayName":"buskaro ","name":"projects/buskaro-8ef18","resources":{"hostingSite":"buskaro-8ef18","realtimeDatabaseInstance":"buskaro-8ef18-default-rtdb"},"state":"ACTIVE","etag":"1_ccc7b379-a63b-47dc-a9c6-21fb921fe41d"}
[info] i  Using project buskaro-8ef18 (buskaro ) 
[info] 
=== Hosting Setup
[info] 
[info] i  Detected a .git folder at E:\Mega Project\Website for project\buskaro 
[info] i  Authorizing with GitHub to upload your service account to a GitHub repository's secrets store. 
[info] 
[info] Visit this URL on this device to log in:
[info] https://github.com/login/oauth/authorize?client_id=89cf50f02ac6aaed3484&state=474594012&redirect_uri=http%3A%2F%2Flocalhost%3A9005&scope=read%3Auser%20repo%20public_repo
[info] 
[info] Waiting for authentication...
[debug] [2023-04-30T14:03:49.544Z] >>> [apiv2][query] POST https://github.com/login/oauth/access_token [none]
[debug] [2023-04-30T14:03:49.544Z] >>> [apiv2][body] POST https://github.com/login/oauth/access_token [stream]
[debug] [2023-04-30T14:03:50.107Z] <<< [apiv2][status] POST https://github.com/login/oauth/access_token 200
[debug] [2023-04-30T14:03:50.107Z] <<< [apiv2][body] POST https://github.com/login/oauth/access_token {"access_token":"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","token_type":"bearer","scope":"read:user,repo"}
[debug] [2023-04-30T14:03:50.130Z] >>> [apiv2][query] GET https://api.github.com/user [none]
[debug] [2023-04-30T14:03:50.800Z] <<< [apiv2][status] GET https://api.github.com/user 200
[debug] [2023-04-30T14:03:50.801Z] <<< [apiv2][body] GET https://api.github.com/user {"login":"PRAMOD222","id":55240423,"node_id":"MDQ6VXNlcjU1MjQwNDIz","avatar_url":"https://avatars.githubusercontent.com/u/55240423?v=4","gravatar_id":"","url":"https://api.github.com/users/PRAMOD222","html_url":"https://github.com/PRAMOD222","followers_url":"https://api.github.com/users/PRAMOD222/followers","following_url":"https://api.github.com/users/PRAMOD222/following{/other_user}","gists_url":"https://api.github.com/users/PRAMOD222/gists{/gist_id}","starred_url":"https://api.github.com/users/PRAMOD222/starred{/owner}{/repo}","subscriptions_url":"https://api.github.com/users/PRAMOD222/subscriptions","organizations_url":"https://api.github.com/users/PRAMOD222/orgs","repos_url":"https://api.github.com/users/PRAMOD222/repos","events_url":"https://api.github.com/users/PRAMOD222/events{/privacy}","received_events_url":"https://api.github.com/users/PRAMOD222/received_events","type":"User","site_admin":false,"name":null,"company":null,"blog":"","location":null,"email":null,"hireable":null,"bio":null,"twitter_username":null,"public_repos":7,"public_gists":0,"followers":0,"following":0,"created_at":"2019-09-12T12:16:07Z","updated_at":"2023-04-30T14:03:42Z","private_gists":0,"total_private_repos":1,"owned_private_repos":1,"disk_usage":54475,"collaborators":0,"two_factor_authentication":false,"plan":{"name":"free","space":976562499,"collaborators":0,"private_repos":10000}}
[info] 
[info] +  Success! Logged into GitHub as PRAMOD222 
[info] 
